************************************************************
FileName: dashboards/DataQualityAnalysis/CampaignLeadActivityDataQuality.dashboard
FullName/Id: DataQualityAnalysis/CampaignLeadActivityDataQuality/01Z7F0000005nY6UAI
Manageable State: unmanaged
Namespace Prefix: null
Created By (Name/Id): Shivkumar Rathod/0057F000000LUuwQAG
Last Modified By (Name/Id): Shivkumar Rathod/0057F000000LUuwQAG
************************************************************
************************************************************
FileName: dashboards/DataQualityAnalysis/HighLevelDataQualityAnalysis.dashboard
FullName/Id: DataQualityAnalysis/HighLevelDataQualityAnalysis/01Z7F0000005nY8UAI
Manageable State: unmanaged
Namespace Prefix: null
Created By (Name/Id): Shivkumar Rathod/0057F000000LUuwQAG
Last Modified By (Name/Id): Shivkumar Rathod/0057F000000LUuwQAG
************************************************************
************************************************************
FileName: dashboards/DataQualityAnalysis/CaseContractDataQuality.dashboard
FullName/Id: DataQualityAnalysis/CaseContractDataQuality/01Z7F0000005nY7UAI
Manageable State: unmanaged
Namespace Prefix: null
Created By (Name/Id): Shivkumar Rathod/0057F000000LUuwQAG
Last Modified By (Name/Id): Shivkumar Rathod/0057F000000LUuwQAG
************************************************************
************************************************************
FileName: dashboards/DataQualityAnalysis/AccountContactOpportunityDataQuality.dashboard
FullName/Id: DataQualityAnalysis/AccountContactOpportunityDataQuality/01Z7F0000005nY5UAI
Manageable State: unmanaged
Namespace Prefix: null
Created By (Name/Id): Shivkumar Rathod/0057F000000LUuwQAG
Last Modified By (Name/Id): Shivkumar Rathod/0057F000000LUuwQAG
************************************************************
