************************************************************
FileName: dashboards/Salesforce_Adoption_Dashboards/X2_Key_Feature_Adoption.dashboard
FullName/Id: Salesforce_Adoption_Dashboards/X2_Key_Feature_Adoption/01Z7F0000005nJOUAY
Manageable State: unmanaged
Namespace Prefix: null
Created By (Name/Id): Shivkumar Rathod/0057F000000LUuwQAG
Last Modified By (Name/Id): Shivkumar Rathod/0057F000000LUuwQAG
************************************************************
************************************************************
FileName: dashboards/Salesforce_Adoption_Dashboards/X1_User_Adoption_Logins.dashboard
FullName/Id: Salesforce_Adoption_Dashboards/X1_User_Adoption_Logins/01Z7F0000005nJNUAY
Manageable State: unmanaged
Namespace Prefix: null
Created By (Name/Id): Shivkumar Rathod/0057F000000LUuwQAG
Last Modified By (Name/Id): Shivkumar Rathod/0057F000000LUuwQAG
************************************************************
************************************************************
FileName: dashboards/Salesforce_Adoption_Dashboards/X2_Key_Feature_Adoption1.dashboard
FullName/Id: Salesforce_Adoption_Dashboards/X2_Key_Feature_Adoption1/01Z7F0000005qoDUAQ
Manageable State: unmanaged
Namespace Prefix: null
Created By (Name/Id): Shivkumar Rathod/0057F000000LUuwQAG
Last Modified By (Name/Id): Shivkumar Rathod/0057F000000LUuwQAG
************************************************************
************************************************************
FileName: dashboards/Salesforce_Adoption_Dashboards/X3_Sales_Marketing_Adoption.dashboard
FullName/Id: Salesforce_Adoption_Dashboards/X3_Sales_Marketing_Adoption/01Z7F0000005nJPUAY
Manageable State: unmanaged
Namespace Prefix: null
Created By (Name/Id): Shivkumar Rathod/0057F000000LUuwQAG
Last Modified By (Name/Id): Shivkumar Rathod/0057F000000LUuwQAG
************************************************************
