************************************************************
FileName: reports/unfiled$public/Case_Status.report
FullName/Id: unfiled$public/Case_Status/00O7F000004thiiUAA
Manageable State: unmanaged
Namespace Prefix: null
Created By (Name/Id): Shivkumar Rathod/0057F000000LUuwQAG
Last Modified By (Name/Id): Shivkumar Rathod/0057F000000LUuwQAG
************************************************************
************************************************************
FileName: reports/unfiled$public/Web_Leads.report
FullName/Id: unfiled$public/Web_Leads/00O7F000004thgIUAQ
Manageable State: unmanaged
Namespace Prefix: null
Created By (Name/Id): Shivkumar Rathod/0057F000000LUuwQAG
Last Modified By (Name/Id): Shivkumar Rathod/0057F000000LUuwQAG
************************************************************
************************************************************
FileName: reports/unfiled$public/Opportunity_Stages.report
FullName/Id: unfiled$public/Opportunity_Stages/00O7F000004thq1UAA
Manageable State: unmanaged
Namespace Prefix: null
Created By (Name/Id): Shivkumar Rathod/0057F000000LUuwQAG
Last Modified By (Name/Id): Shivkumar Rathod/0057F000000LUuwQAG
************************************************************
