************************************************************
FileName: reports/DreamHouse_Reports/Days_on_Market.report
FullName/Id: DreamHouse_Reports/Days_on_Market/00O7F0000057M7rUAE
Manageable State: unmanaged
Namespace Prefix: null
Created By (Name/Id): Shivkumar Rathod/0057F000000LUuwQAG
Last Modified By (Name/Id): Shivkumar Rathod/0057F000000LUuwQAG
************************************************************
************************************************************
FileName: reports/DreamHouse_Reports/Properties_by_Broker.report
FullName/Id: DreamHouse_Reports/Properties_by_Broker/00O7F0000057M7tUAE
Manageable State: unmanaged
Namespace Prefix: null
Created By (Name/Id): Shivkumar Rathod/0057F000000LUuwQAG
Last Modified By (Name/Id): Shivkumar Rathod/0057F000000LUuwQAG
************************************************************
************************************************************
FileName: reports/DreamHouse_Reports/Portfolio_Health.report
FullName/Id: DreamHouse_Reports/Portfolio_Health/00O7F0000057M7sUAE
Manageable State: unmanaged
Namespace Prefix: null
Created By (Name/Id): Shivkumar Rathod/0057F000000LUuwQAG
Last Modified By (Name/Id): Shivkumar Rathod/0057F000000LUuwQAG
************************************************************
