************************************************************
FileName: dashboards/Salesforce_Adoption_Dashboards
FullName/Id: Salesforce_Adoption_Dashboards/00l7F000000P7dyQAC
Manageable State: unmanaged
Namespace Prefix: null
Created By (Name/Id): Shivkumar Rathod/0057F000000LUuwQAG
Last Modified By (Name/Id): Shivkumar Rathod/0057F000000LUuwQAG
************************************************************
************************************************************
FileName: dashboards/DreamHouse_Dashboards
FullName/Id: DreamHouse_Dashboards/00l7F000000Pck5QAC
Manageable State: unmanaged
Namespace Prefix: null
Created By (Name/Id): Shivkumar Rathod/0057F000000LUuwQAG
Last Modified By (Name/Id): Shivkumar Rathod/0057F000000LUuwQAG
************************************************************
************************************************************
FileName: dashboards/DataQualityAnalysis
FullName/Id: DataQualityAnalysis/00l7F000000P8wOQAS
Manageable State: unmanaged
Namespace Prefix: null
Created By (Name/Id): Shivkumar Rathod/0057F000000LUuwQAG
Last Modified By (Name/Id): Shivkumar Rathod/0057F000000LUuwQAG
************************************************************
